auctiontype 
bid 
budgetcampaign 
campaignid 
cateid 
coords 
creativeid 
ctrq 
distance
endtime 
enterpriseid 
entityid 
entitytype 
extension_bid 
featured_khxg 
featured_zp.1.0.0_2701101 
featured_zp.1.0.0_2701101_nor 
featured_zp.1.0.0_2701101_normalized 
featured_zp.1.0.0_2701101_unnor 
featured_zp.1.0.0_2701101_unnormalized 
featured_zp.1.0.0_2701102 
featuredrandom 
featurelrandom 
features_1.0.0_1711109 
features_zp.search.relevance.1.0.0_2702014 
features_zp.tuijian1.0.0_2702016 
features_zpuser1.0.1_1711116 
indexkey 
isbiz 
localid 
mediaid 
modtime 
module 
module_exp 
postdate 
productid 
salecateid 
salelocalid 
starttime 
subscribeid 
userid 
weight
